#"Step" "Time (ps)" "Potential Energy (kJ/mole)" "Kinetic Energy (kJ/mole)" "Total Energy (kJ/mole)" "Temperature (K)" "Box Volume (nm^3)" "Density (g/mL)" "Speed (ns/day)"
2 0.004 -64.96622005108955 45.34122042392227 -19.624999627167277 213.85472003515613 1000.0 0.00023940988054885654 0
3 0.006 -57.99033556775052 33.767919455537104 -24.222416112213416 159.26851756119746 1000.0 0.00023940988054885654 115
4 0.008 -61.44108955264598 33.48267734652874 -27.958412206117238 157.92315520010763 1000.0 0.00023940988054885654 126
5 0.01 -65.71932910958591 39.66350049679808 -26.055828612787835 187.0753966269898 1000.0 0.00023940988054885654 143
6 0.012 -62.55558461227009 41.518822508798216 -21.036762103471872 195.82613967584726 1000.0 0.00023940988054885654 139
7 0.014 -55.780877571826935 35.89863590546775 -19.882241666359185 169.3181758106655 1000.0 0.00023940988054885654 148
8 0.016 -52.63760696046515 31.277814167688202 -21.359792792776947 147.5237792367295 1000.0 0.00023940988054885654 147
9 0.018000000000000002 -52.56538461455568 30.158840673256144 -22.40654394129954 142.24607031885765 1000.0 0.00023940988054885654 152
10 0.020000000000000004 -52.07133751825299 31.009517685831597 -21.061819832421392 146.25834199270707 1000.0 0.00023940988054885654 156
11 0.022000000000000006 -52.199625992279806 31.57145038106051 -20.628175611219294 148.9087329194007 1000.0 0.00023940988054885654 155
2 0.004 -65.07755679409235 43.39800715260753 -21.67954964148481 204.68943232961482 1000.0 0.00023940988054885654 0
3 0.006 -58.81781381257235 31.691935019450476 -27.125878793121878 149.47700630001376 1000.0 0.00023940988054885654 2.37
4 0.008 -62.9387392782016 30.177980847515794 -32.76075843068581 142.33634615549045 1000.0 0.00023940988054885654 4.65
5 0.01 -67.360435532385 37.23463826764497 -30.12579726474003 175.61951504367332 1000.0 0.00023940988054885654 6.87
6 0.012 -64.44975430035824 37.50861128869539 -26.941143011662845 176.91172604210095 1000.0 0.00023940988054885654 9.07
7 0.014 -58.30613329885545 32.1592357732707 -26.146897525584748 151.68105971864904 1000.0 0.00023940988054885654 11.3
8 0.016 -55.78535873825965 28.102363957879454 -27.6829947803802 132.54656845027395 1000.0 0.00023940988054885654 13.4
9 0.018000000000000002 -56.63297094219527 27.12453167199216 -29.508439270203112 127.93456092633367 1000.0 0.00023940988054885654 15.6
10 0.020000000000000004 -57.129931155618 26.606805251384664 -30.52312590423334 125.49267167636094 1000.0 0.00023940988054885654 17.8
11 0.022000000000000006 -57.65795116803705 28.809598525532753 -28.8483526425043 135.88228480397146 1000.0 0.00023940988054885654 19.8
12 0.024000000000000007 -60.10916601797106 31.449163331265815 -28.660002686705248 148.33195835194837 1000.0 0.00023940988054885654 21.9
13 0.02600000000000001 -62.53679015801988 34.13440599836309 -28.40238415965679 160.99707440814444 1000.0 0.00023940988054885654 23.8
14 0.02800000000000001 -61.07727119555574 36.24164637704551 -24.835624818510226 170.93600628991936 1000.0 0.00023940988054885654 25.7
15 0.030000000000000013 -58.05979393230408 32.005540789948014 -26.054253142356067 150.956147655807 1000.0 0.00023940988054885654 27.5
16 0.032000000000000015 -59.975920580525475 31.07614230869261 -28.899778271832865 146.57258121997484 1000.0 0.00023940988054885654 29.2
17 0.034000000000000016 -66.1595277117381 35.45543561201071 -30.704092099727383 167.2277937302849 1000.0 0.00023940988054885654 30.9
18 0.03600000000000002 -68.02137694379887 40.59245923395063 -27.428917709848243 191.4568889820821 1000.0 0.00023940988054885654 32.6
19 0.03800000000000002 -60.677154080114796 36.25991107691047 -24.417243003204327 171.02215289646475 1000.0 0.00023940988054885654 34.3
20 0.04000000000000002 -51.67497374909772 27.737592552075206 -23.93738119702251 130.82610115504562 1000.0 0.00023940988054885654 35.8
21 0.04200000000000002 -51.81181144456594 22.28976299995354 -29.522048444612402 105.13107017053453 1000.0 0.00023940988054885654 37.3
22 0.044000000000000025 -60.40985955362194 28.0312471736358 -32.37861237998614 132.21114166109555 1000.0 0.00023940988054885654 38.9
23 0.04600000000000003 -65.73539239233412 37.0052998265898 -28.73009256574432 174.53782585122104 1000.0 0.00023940988054885654 40.4
24 0.04800000000000003 -61.56903968843119 36.84216398331794 -24.72687570511325 173.7683853781941 1000.0 0.00023940988054885654 41.7
25 0.05000000000000003 -55.20607738993365 31.422270631422368 -23.78380675851128 148.2051172404335 1000.0 0.00023940988054885654 43.2
26 0.05200000000000003 -55.665099149635594 29.790097166971467 -25.875001982664127 140.50686836169805 1000.0 0.00023940988054885654 44.5
27 0.054000000000000034 -61.47894451476782 34.529999194586914 -26.948945320180904 162.86291461789813 1000.0 0.00023940988054885654 45.9
28 0.056000000000000036 -65.1365945186094 40.0980203117751 -25.038574206834298 189.1248366842453 1000.0 0.00023940988054885654 47.2
29 0.05800000000000004 -64.91178524281601 42.222023308999574 -22.689761933816435 199.14283051146083 1000.0 0.00023940988054885654 48.6
30 0.06000000000000004 -64.31467231231241 42.88599054598707 -21.42868176632534 202.2744737767039 1000.0 0.00023940988054885654 49.9
31 0.06200000000000004 -63.912032198494956 42.77195644276455 -21.140075755730408 201.7366247512232 1000.0 0.00023940988054885654 51
32 0.06400000000000004 -60.77185386526572 41.095112847510805 -19.676741017754914 193.82768638889067 1000.0 0.00023940988054885654 52.2
33 0.06600000000000004 -55.88916754207363 34.702298147040025 -21.186869395033604 163.67557347213068 1000.0 0.00023940988054885654 53.5
34 0.06800000000000005 -54.57159609609594 32.05486682389531 -22.516729272200628 151.18879699964066 1000.0 0.00023940988054885654 54.7
35 0.07000000000000005 -57.61211543434148 32.9924538459006 -24.619661588440884 155.6109852033298 1000.0 0.00023940988054885654 55.9
36 0.07200000000000005 -59.47443635394722 36.01441833221359 -23.46001802173363 169.8642709140884 1000.0 0.00023940988054885654 56.8
37 0.07400000000000005 -55.69637301079829 35.74014974408186 -19.956223266716428 168.570665854918 1000.0 0.00023940988054885654 57.9
38 0.07600000000000005 -50.008702026297456 29.462665683247252 -20.546036343050204 138.96251715924134 1000.0 0.00023940988054885654 59
39 0.07800000000000006 -50.41455027502572 25.90863164927423 -24.505918625751487 122.19969193696937 1000.0 0.00023940988054885654 60.1
40 0.08000000000000006 -56.37262845691754 31.445256578819702 -24.927371878097837 148.3135319081341 1000.0 0.00023940988054885654 61.1
41 0.08200000000000006 -58.823600572489354 35.84848742517702 -22.975113147312335 169.08164734688592 1000.0 0.00023940988054885654 62.1
42 0.08400000000000006 -54.941474627254 34.393314167451855 -20.548160459802148 162.21823108407017 1000.0 0.00023940988054885654 63.1
43 0.08600000000000006 -51.863802370196844 29.866989499438276 -21.996812870758568 140.86953588760042 1000.0 0.00023940988054885654 64.2
44 0.08800000000000006 -55.11084394726705 29.35203771598183 -25.75880623128522 138.44073338839422 1000.0 0.00023940988054885654 65.1
45 0.09000000000000007 -60.61734192542374 35.65563022785678 -24.961711697566955 168.172024236743 1000.0 0.00023940988054885654 66.1
46 0.09200000000000007 -61.15427528608666 39.66549135059173 -21.48878393549493 187.08478661421753 1000.0 0.00023940988054885654 66.9
47 0.09400000000000007 -56.9920724651453 36.71478091255537 -20.27729155258993 173.16757510708865 1000.0 0.00023940988054885654 67.8
48 0.09600000000000007 -54.86998857407676 33.60037007863719 -21.269618495439566 158.4782603790134 1000.0 0.00023940988054885654 68.6
49 0.09800000000000007 -56.88685838500815 34.84431838884437 -22.042539996163782 164.34542088175994 1000.0 0.00023940988054885654 69.6
50 0.10000000000000007 -57.079945690160805 37.08691135566355 -19.993034334497253 174.9227517649598 1000.0 0.00023940988054885654 70.5
51 0.10200000000000008 -52.21540975018974 34.6954429037722 -17.519966846417546 163.6432402857694 1000.0 0.00023940988054885654 71.3
52 0.10400000000000008 -48.20862503451384 28.991355940047185 -19.21726909446665 136.73955508985884 1000.0 0.00023940988054885654 72.1
53 0.10600000000000008 -50.66747782459067 29.076282819949853 -21.591195004640817 137.14011806445978 1000.0 0.00023940988054885654 73
54 0.10800000000000008 -54.8775856300551 32.97941692178265 -21.89816870827245 155.54949573014628 1000.0 0.00023940988054885654 73.9
55 0.11000000000000008 -53.9368738380846 35.58536523702544 -18.35150860105916 167.84061498480804 1000.0 0.00023940988054885654 74.8
56 0.11200000000000009 -49.744092000883555 33.515013092858496 -16.22907890802506 158.07566878297604 1000.0 0.00023940988054885654 75.4
57 0.11400000000000009 -50.04811253958416 30.881783406353378 -19.166329133230782 145.6558752235882 1000.0 0.00023940988054885654 76.2
58 0.11600000000000009 -55.943375724720674 34.33052296306335 -21.612852761657322 161.9220724163143 1000.0 0.00023940988054885654 77
59 0.11800000000000009 -60.04757779256949 39.87294422918075 -20.17463356338874 188.06325117375852 1000.0 0.00023940988054885654 77.8
60 0.12000000000000009 -58.00400669112224 39.70100638114832 -18.303000309973925 187.252295491255 1000.0 0.00023940988054885654 78.5
61 0.1220000000000001 -55.673033232808486 35.77550182675098 -19.897531406057503 168.73740617798776 1000.0 0.00023940988054885654 79.1
62 0.1240000000000001 -59.77710448252929 36.621262243732374 -23.155842238796915 172.7264884192533 1000.0 0.00023940988054885654 79.9
63 0.12600000000000008 -66.18831194313465 42.55713451159996 -23.631177431534688 200.72340359138042 1000.0 0.00023940988054885654 80.6
64 0.12800000000000009 -65.35846616225038 46.36466000121956 -18.993806161030818 218.68183721968464 1000.0 0.00023940988054885654 81.3
65 0.1300000000000001 -55.382548595391654 42.00420687896577 -13.378341716425886 198.11548560921906 1000.0 0.00023940988054885654 82
66 0.1320000000000001 -45.0860396747139 29.65943399512591 -15.426605679587993 139.89058728737578 1000.0 0.00023940988054885654 82.6
67 0.1340000000000001 -44.01127833720292 23.641203761849848 -20.37007457535307 111.50522558755434 1000.0 0.00023940988054885654 83.3
68 0.1360000000000001 -49.84949662240684 25.33703504606393 -24.512461576342908 119.50372058000761 1000.0 0.00023940988054885654 83.9
69 0.1380000000000001 -53.29869252047987 30.684598652194502 -22.614093868285366 144.72584091922707 1000.0 0.00023940988054885654 84.6
70 0.1400000000000001 -51.624669324642156 30.817022367291937 -20.80764695735022 145.35042570661042 1000.0 0.00023940988054885654 85.3
71 0.1420000000000001 -49.54014345852019 29.154402767970662 -20.38574069054953 137.50857571639224 1000.0 0.00023940988054885654 85.9
72 0.1440000000000001 -49.30555366883923 28.666591222963376 -20.638962445875855 135.20778186011552 1000.0 0.00023940988054885654 86.5
73 0.1460000000000001 -48.9062479235677 28.55789738517923 -20.348350538388466 134.69512053270643 1000.0 0.00023940988054885654 87.2
74 0.1480000000000001 -47.75949687640693 27.346894605469558 -20.41260227093737 128.98334969823702 1000.0 0.00023940988054885654 87.8
75 0.1500000000000001 -50.00136794160979 27.11357576677959 -22.887792174830203 127.88288670980266 1000.0 0.00023940988054885654 88.5
76 0.1520000000000001 -57.42873862732549 33.0829332644652 -24.34580536286029 156.03773707602235 1000.0 0.00023940988054885654 88.9
77 0.1540000000000001 -64.45639422055528 40.80686009965115 -23.64953412090413 192.46812416016056 1000.0 0.00023940988054885654 89.6
78 0.1560000000000001 -65.55252418987816 43.03617683514861 -22.516347354729547 202.98283686268766 1000.0 0.00023940988054885654 90.2
79 0.1580000000000001 -62.03305328380211 42.24119744612343 -19.791855837678682 199.2332665360804 1000.0 0.00023940988054885654 90.9
80 0.16000000000000011 -57.693296269044566 40.074954617264844 -17.618341651779723 189.0160458842671 1000.0 0.00023940988054885654 91.4
81 0.16200000000000012 -55.47360039068252 34.92569082860592 -20.547909562076597 164.72921911570873 1000.0 0.00023940988054885654 91.8
82 0.16400000000000012 -54.81983657364761 33.01000253611063 -21.80983403753698 155.69375470527004 1000.0 0.00023940988054885654 92.3
83 0.16600000000000012 -53.39410306486361 30.523106135779933 -22.870996929083674 143.9641513007582 1000.0 0.00023940988054885654 92.9
84 0.16800000000000012 -52.550945609973525 30.35073083053477 -22.200214779438756 143.15113232377604 1000.0 0.00023940988054885654 93.4
85 0.17000000000000012 -55.07490524353936 30.65809815655252 -24.416807086986843 144.60084966351488 1000.0 0.00023940988054885654 93.9
86 0.17200000000000013 -59.5856540098528 34.39707944045855 -25.188574569394255 162.23599023120326 1000.0 0.00023940988054885654 94.3
87 0.17400000000000013 -59.96350841947948 37.364668751526615 -22.598839667952866 176.2328120053906 1000.0 0.00023940988054885654 94.8
88 0.17600000000000013 -54.91769982086528 32.01363287970415 -22.904066941161133 150.99431450648098 1000.0 0.00023940988054885654 95.2
89 0.17800000000000013 -51.59249888905349 26.646635488350285 -24.945863400703203 125.680533496038 1000.0 0.00023940988054885654 95.8
90 0.18000000000000013 -55.03152980871834 26.488965694579097 -28.542564114139243 124.93687398952972 1000.0 0.00023940988054885654 96.4
91 0.18200000000000013 -61.98538135061193 31.575246100182543 -30.410135250429388 148.92663566755317 1000.0 0.00023940988054885654 96.7
92 0.18400000000000014 -66.6683978652651 37.88272622809886 -28.785671637166246 178.6762627016587 1000.0 0.00023940988054885654 97.1
93 0.18600000000000014 -66.69209364439911 40.41915733382801 -26.272936310571097 190.6394996620379 1000.0 0.00023940988054885654 97.7
94 0.18800000000000014 -64.4971015417974 37.898227981569136 -26.59887356022827 178.74937769762582 1000.0 0.00023940988054885654 98.2
95 0.19000000000000014 -62.240462858983356 35.746698453592565 -26.49376440539079 168.60155325551966 1000.0 0.00023940988054885654 98.7
96 0.19200000000000014 -59.121186242667946 35.52070149559469 -23.600484747073253 167.5356243782296 1000.0 0.00023940988054885654 99
97 0.19400000000000014 -55.470156157066896 30.72396457535144 -24.746191581715454 144.91151277360026 1000.0 0.00023940988054885654 99.5
98 0.19600000000000015 -55.38323229418357 28.710555622398022 -26.67267667178555 135.41514271729372 1000.0 0.00023940988054885654 100
99 0.19800000000000015 -59.44274335467795 31.687931550006667 -27.754811804671284 149.45812368439223 1000.0 0.00023940988054885654 100
100 0.20000000000000015 -62.090502971615365 36.12641507499515 -25.964087896620214 170.39251060081207 1000.0 0.00023940988054885654 101
101 0.20200000000000015 -59.48983801249123 34.50700956108462 -24.982828451406604 162.75448256445145 1000.0 0.00023940988054885654 101
